10:58
"/home/osboxes/lscc/iCEcube2.2017.08/sbt_backend/bin/linux/opt/synpwrap/synpwrap" -prj "top_level_syn.prj" -log "/media/sf_stefandz/Documents/Electronics/Personal/Current_integrator/vhdl/berus-accumulator/vhdl/top_level/top_level_Implmnt/top_level.srr"
starting Synthesisrunning SynthesisRunning in Lattice mode


Starting:    /home/osboxes/lscc/iCEcube2.2017.08/synpbase/linux_a_64/mbin/synbatch
Install:     /home/osboxes/lscc/iCEcube2.2017.08/synpbase
Hostname:    osboxes
Date:        Sun Jan 28 10:58:14 2018
Version:     L-2016.09L+ice40

Arguments:   -product synplify_pro -batch top_level_syn.prj
ProductType: synplify_pro





log file: "/media/sf_stefandz/Documents/Electronics/Personal/Current_integrator/vhdl/berus-accumulator/vhdl/top_level/top_level_Implmnt/top_level.srr"
Running: top_level_Implmnt in foreground

Running top_level_syn|top_level_Implmnt

Running: compile (Compile) on top_level_syn|top_level_Implmnt
# Sun Jan 28 10:58:14 2018

Running: compile_flow (Compile Process) on top_level_syn|top_level_Implmnt
# Sun Jan 28 10:58:14 2018

Running: compiler (Compile Input) on top_level_syn|top_level_Implmnt
# Sun Jan 28 10:58:14 2018
compiler exited with errors
Job failed on: top_level_syn|top_level_Implmnt

Job: "compiler" terminated with error status: 2
See log file: "/media/sf_stefandz/Documents/Electronics/Personal/Current_integrator/vhdl/berus-accumulator/vhdl/top_level/top_level_Implmnt/synlog/top_level_compiler.srr"
# Sun Jan 28 10:58:15 2018

Return Code: 2
Run Time:00h:00m:01s
Complete: Compile Process on top_level_syn|top_level_Implmnt
Complete: Compile on top_level_syn|top_level_Implmnt
Complete: Logic Synthesis on top_level_syn|top_level_Implmnt

exit status=2

exit status=2

Copyright (C) 1992-2014 Lattice Semiconductor Corporation. All rights reserved.
Child process exit with 2.

==contents of /media/sf_stefandz/Documents/Electronics/Personal/Current_integrator/vhdl/berus-accumulator/vhdl/top_level/top_level_Implmnt/top_level.srr
#Build: Synplify Pro L-2016.09L+ice40, Build 077R, Dec  2 2016
#install: /home/osboxes/lscc/iCEcube2.2017.08/synpbase
#OS: Linux 
#Hostname: osboxes

# Sun Jan 28 10:58:14 2018

#Implementation: top_level_Implmnt

Synopsys HDL Compiler, version comp2016q3p1, Build 141R, built Dec  5 2016
@N|Running in 64-bit mode
Copyright (C) 1994-2016 Synopsys, Inc. All rights reserved. This Synopsys software and all associated documentation are proprietary to Synopsys, Inc. and may only be used pursuant to the terms and conditions of a written license agreement with Synopsys, Inc. All other use, reproduction, modification, or distribution of the Synopsys software or the associated documentation is strictly prohibited.

Synopsys VHDL Compiler, version comp2016q3p1, Build 141R, built Dec  5 2016
@N|Running in 64-bit mode
Copyright (C) 1994-2016 Synopsys, Inc. All rights reserved. This Synopsys software and all associated documentation are proprietary to Synopsys, Inc. and may only be used pursuant to the terms and conditions of a written license agreement with Synopsys, Inc. All other use, reproduction, modification, or distribution of the Synopsys software or the associated documentation is strictly prohibited.

Running on host :osboxes
@N: CD720 :"/home/osboxes/lscc/iCEcube2.2017.08/synpbase/lib/vhd/std.vhd":123:18:123:21|Setting time resolution to ps
@N:"/media/sf_stefandz/Documents/Electronics/Personal/Current_integrator/vhdl/berus-accumulator/vhdl/top_level.vhdl":7:7:7:15|Top entity is set to top_level.
@E: CD164 :"/media/sf_stefandz/Documents/Electronics/Personal/Current_integrator/vhdl/berus-accumulator/vhdl/top_level.vhdl":27:2:27:7|signal declaration is not legal here
@E: CD415 :"/media/sf_stefandz/Documents/Electronics/Personal/Current_integrator/vhdl/berus-accumulator/vhdl/top_level.vhdl":44:26:44:26|Expecting keyword of
2 errors parsing file /media/sf_stefandz/Documents/Electronics/Personal/Current_integrator/vhdl/berus-accumulator/vhdl/top_level.vhdl
@E: Parse errors encountered - exiting
Process took 0h:00m:01s realtime, 0h:00m:01s cputime
# Sun Jan 28 10:58:15 2018

###########################################################]
@END
Process took 0h:00m:01s realtime, 0h:00m:01s cputime
# Sun Jan 28 10:58:15 2018

###########################################################]


Synthesis exit by 2.
Synthesis failed.
Synthesis batch mode runtime 1 seconds"/home/osboxes/lscc/iCEcube2.2017.08/sbt_backend/bin/linux/opt/synpwrap/synpwrap" -prj "top_level_syn.prj" -log "top_level_Implmnt/top_level.srr"
starting Synthesisrunning SynthesisRunning in Lattice mode


Starting:    /home/osboxes/lscc/iCEcube2.2017.08/synpbase/linux_a_64/mbin/synbatch
Install:     /home/osboxes/lscc/iCEcube2.2017.08/synpbase
Hostname:    osboxes
Date:        Sun Jan 28 11:00:19 2018
Version:     L-2016.09L+ice40

Arguments:   -product synplify_pro -batch top_level_syn.prj
ProductType: synplify_pro





log file: "/media/sf_stefandz/Documents/Electronics/Personal/Current_integrator/vhdl/berus-accumulator/vhdl/top_level/top_level_Implmnt/top_level.srr"
Running: top_level_Implmnt in foreground

Running top_level_syn|top_level_Implmnt

Running: compile (Compile) on top_level_syn|top_level_Implmnt
# Sun Jan 28 11:00:19 2018

Running: compile_flow (Compile Process) on top_level_syn|top_level_Implmnt
# Sun Jan 28 11:00:19 2018

Running: compiler (Compile Input) on top_level_syn|top_level_Implmnt
# Sun Jan 28 11:00:19 2018
compiler exited with errors
Job failed on: top_level_syn|top_level_Implmnt

Job: "compiler" terminated with error status: 2
See log file: "/media/sf_stefandz/Documents/Electronics/Personal/Current_integrator/vhdl/berus-accumulator/vhdl/top_level/top_level_Implmnt/synlog/top_level_compiler.srr"
# Sun Jan 28 11:00:20 2018

Return Code: 2
Run Time:00h:00m:01s
Complete: Compile Process on top_level_syn|top_level_Implmnt
Complete: Compile on top_level_syn|top_level_Implmnt
Complete: Logic Synthesis on top_level_syn|top_level_Implmnt

exit status=2

exit status=2

Copyright (C) 1992-2014 Lattice Semiconductor Corporation. All rights reserved.
Child process exit with 2.

==contents of top_level_Implmnt/top_level.srr
#Build: Synplify Pro L-2016.09L+ice40, Build 077R, Dec  2 2016
#install: /home/osboxes/lscc/iCEcube2.2017.08/synpbase
#OS: Linux 
#Hostname: osboxes

# Sun Jan 28 11:00:19 2018

#Implementation: top_level_Implmnt

Synopsys HDL Compiler, version comp2016q3p1, Build 141R, built Dec  5 2016
@N|Running in 64-bit mode
Copyright (C) 1994-2016 Synopsys, Inc. All rights reserved. This Synopsys software and all associated documentation are proprietary to Synopsys, Inc. and may only be used pursuant to the terms and conditions of a written license agreement with Synopsys, Inc. All other use, reproduction, modification, or distribution of the Synopsys software or the associated documentation is strictly prohibited.

Synopsys VHDL Compiler, version comp2016q3p1, Build 141R, built Dec  5 2016
@N|Running in 64-bit mode
Copyright (C) 1994-2016 Synopsys, Inc. All rights reserved. This Synopsys software and all associated documentation are proprietary to Synopsys, Inc. and may only be used pursuant to the terms and conditions of a written license agreement with Synopsys, Inc. All other use, reproduction, modification, or distribution of the Synopsys software or the associated documentation is strictly prohibited.

Running on host :osboxes
@N: CD720 :"/home/osboxes/lscc/iCEcube2.2017.08/synpbase/lib/vhd/std.vhd":123:18:123:21|Setting time resolution to ps
@N:"/media/sf_stefandz/Documents/Electronics/Personal/Current_integrator/vhdl/berus-accumulator/vhdl/top_level.vhdl":7:7:7:15|Top entity is set to top_level.
@E: CD164 :"/media/sf_stefandz/Documents/Electronics/Personal/Current_integrator/vhdl/berus-accumulator/vhdl/top_level.vhdl":27:4:27:9|signal declaration is not legal here
@E: CD415 :"/media/sf_stefandz/Documents/Electronics/Personal/Current_integrator/vhdl/berus-accumulator/vhdl/top_level.vhdl":44:26:44:26|Expecting keyword of
2 errors parsing file /media/sf_stefandz/Documents/Electronics/Personal/Current_integrator/vhdl/berus-accumulator/vhdl/top_level.vhdl
@E: Parse errors encountered - exiting
Process took 0h:00m:01s realtime, 0h:00m:01s cputime
# Sun Jan 28 11:00:20 2018

###########################################################]
@END
Process took 0h:00m:01s realtime, 0h:00m:01s cputime
# Sun Jan 28 11:00:20 2018

###########################################################]


Synthesis exit by 2.
Synthesis failed.
Synthesis batch mode runtime 1 seconds"/home/osboxes/lscc/iCEcube2.2017.08/sbt_backend/bin/linux/opt/synpwrap/synpwrap" -prj "top_level_syn.prj" -log "top_level_Implmnt/top_level.srr"
starting Synthesisrunning SynthesisRunning in Lattice mode


Starting:    /home/osboxes/lscc/iCEcube2.2017.08/synpbase/linux_a_64/mbin/synbatch
Install:     /home/osboxes/lscc/iCEcube2.2017.08/synpbase
Hostname:    osboxes
Date:        Sun Jan 28 11:02:56 2018
Version:     L-2016.09L+ice40

Arguments:   -product synplify_pro -batch top_level_syn.prj
ProductType: synplify_pro





log file: "/media/sf_stefandz/Documents/Electronics/Personal/Current_integrator/vhdl/berus-accumulator/vhdl/top_level/top_level_Implmnt/top_level.srr"
Running: top_level_Implmnt in foreground

Running top_level_syn|top_level_Implmnt

Running: compile (Compile) on top_level_syn|top_level_Implmnt
# Sun Jan 28 11:02:56 2018

Running: compile_flow (Compile Process) on top_level_syn|top_level_Implmnt
# Sun Jan 28 11:02:56 2018

Running: compiler (Compile Input) on top_level_syn|top_level_Implmnt
# Sun Jan 28 11:02:56 2018
compiler exited with errors
Job failed on: top_level_syn|top_level_Implmnt

Job: "compiler" terminated with error status: 2
See log file: "/media/sf_stefandz/Documents/Electronics/Personal/Current_integrator/vhdl/berus-accumulator/vhdl/top_level/top_level_Implmnt/synlog/top_level_compiler.srr"
# Sun Jan 28 11:02:56 2018

Return Code: 2
Run Time:00h:00m:00s
Complete: Compile Process on top_level_syn|top_level_Implmnt
Complete: Compile on top_level_syn|top_level_Implmnt
Complete: Logic Synthesis on top_level_syn|top_level_Implmnt

exit status=2

exit status=2

Copyright (C) 1992-2014 Lattice Semiconductor Corporation. All rights reserved.
Child process exit with 2.

==contents of top_level_Implmnt/top_level.srr
#Build: Synplify Pro L-2016.09L+ice40, Build 077R, Dec  2 2016
#install: /home/osboxes/lscc/iCEcube2.2017.08/synpbase
#OS: Linux 
#Hostname: osboxes

# Sun Jan 28 11:02:56 2018

#Implementation: top_level_Implmnt

Synopsys HDL Compiler, version comp2016q3p1, Build 141R, built Dec  5 2016
@N|Running in 64-bit mode
Copyright (C) 1994-2016 Synopsys, Inc. All rights reserved. This Synopsys software and all associated documentation are proprietary to Synopsys, Inc. and may only be used pursuant to the terms and conditions of a written license agreement with Synopsys, Inc. All other use, reproduction, modification, or distribution of the Synopsys software or the associated documentation is strictly prohibited.

Synopsys VHDL Compiler, version comp2016q3p1, Build 141R, built Dec  5 2016
@N|Running in 64-bit mode
Copyright (C) 1994-2016 Synopsys, Inc. All rights reserved. This Synopsys software and all associated documentation are proprietary to Synopsys, Inc. and may only be used pursuant to the terms and conditions of a written license agreement with Synopsys, Inc. All other use, reproduction, modification, or distribution of the Synopsys software or the associated documentation is strictly prohibited.

Running on host :osboxes
@N: CD720 :"/home/osboxes/lscc/iCEcube2.2017.08/synpbase/lib/vhd/std.vhd":123:18:123:21|Setting time resolution to ps
@N:"/media/sf_stefandz/Documents/Electronics/Personal/Current_integrator/vhdl/berus-accumulator/vhdl/top_level.vhdl":7:7:7:15|Top entity is set to top_level.
@E: CD164 :"/media/sf_stefandz/Documents/Electronics/Personal/Current_integrator/vhdl/berus-accumulator/vhdl/top_level.vhdl":27:4:27:9|signal declaration is not legal here
@E: CD415 :"/media/sf_stefandz/Documents/Electronics/Personal/Current_integrator/vhdl/berus-accumulator/vhdl/top_level.vhdl":44:26:44:26|Expecting keyword of
2 errors parsing file /media/sf_stefandz/Documents/Electronics/Personal/Current_integrator/vhdl/berus-accumulator/vhdl/top_level.vhdl
@E: Parse errors encountered - exiting
Process took 0h:00m:01s realtime, 0h:00m:01s cputime
# Sun Jan 28 11:02:56 2018

###########################################################]
@END
Process took 0h:00m:01s realtime, 0h:00m:01s cputime
# Sun Jan 28 11:02:56 2018

###########################################################]


Synthesis exit by 2.
Synthesis failed.
Synthesis batch mode runtime 1 seconds"/home/osboxes/lscc/iCEcube2.2017.08/sbt_backend/bin/linux/opt/synpwrap/synpwrap" -prj "top_level_syn.prj" -log "top_level_Implmnt/top_level.srr"
starting Synthesisrunning SynthesisRunning in Lattice mode


Starting:    /home/osboxes/lscc/iCEcube2.2017.08/synpbase/linux_a_64/mbin/synbatch
Install:     /home/osboxes/lscc/iCEcube2.2017.08/synpbase
Hostname:    osboxes
Date:        Sun Jan 28 11:04:14 2018
Version:     L-2016.09L+ice40

Arguments:   -product synplify_pro -batch top_level_syn.prj
ProductType: synplify_pro





log file: "/media/sf_stefandz/Documents/Electronics/Personal/Current_integrator/vhdl/berus-accumulator/vhdl/top_level/top_level_Implmnt/top_level.srr"
Running: top_level_Implmnt in foreground

Running top_level_syn|top_level_Implmnt

Running: compile (Compile) on top_level_syn|top_level_Implmnt
# Sun Jan 28 11:04:14 2018

Running: compile_flow (Compile Process) on top_level_syn|top_level_Implmnt
# Sun Jan 28 11:04:14 2018

Running: compiler (Compile Input) on top_level_syn|top_level_Implmnt
# Sun Jan 28 11:04:14 2018
Copied /media/sf_stefandz/Documents/Electronics/Personal/Current_integrator/vhdl/berus-accumulator/vhdl/top_level/top_level_Implmnt/synwork/top_level_comp.srs to /media/sf_stefandz/Documents/Electronics/Personal/Current_integrator/vhdl/berus-accumulator/vhdl/top_level/top_level_Implmnt/top_level.srs

compiler completed
# Sun Jan 28 11:04:16 2018

Return Code: 0
Run Time:00h:00m:02s

Running: multi_srs_gen (Multi-srs Generator) on top_level_syn|top_level_Implmnt
# Sun Jan 28 11:04:16 2018

multi_srs_gen completed
# Sun Jan 28 11:04:16 2018

Return Code: 0
Run Time:00h:00m:00s
Copied /media/sf_stefandz/Documents/Electronics/Personal/Current_integrator/vhdl/berus-accumulator/vhdl/top_level/top_level_Implmnt/synwork/top_level_mult.srs to /media/sf_stefandz/Documents/Electronics/Personal/Current_integrator/vhdl/berus-accumulator/vhdl/top_level/top_level_Implmnt/top_level.srs
Complete: Compile Process on top_level_syn|top_level_Implmnt

Running: premap (Pre-mapping) on top_level_syn|top_level_Implmnt
# Sun Jan 28 11:04:16 2018

premap completed
# Sun Jan 28 11:04:17 2018

Return Code: 0
Run Time:00h:00m:01s
Complete: Compile on top_level_syn|top_level_Implmnt

Running: map (Map) on top_level_syn|top_level_Implmnt
# Sun Jan 28 11:04:17 2018
License granted for 4 parallel jobs

Running: fpga_mapper (Map & Optimize) on top_level_syn|top_level_Implmnt
# Sun Jan 28 11:04:17 2018
Copied /media/sf_stefandz/Documents/Electronics/Personal/Current_integrator/vhdl/berus-accumulator/vhdl/top_level/top_level_Implmnt/synwork/top_level_m.srm to /media/sf_stefandz/Documents/Electronics/Personal/Current_integrator/vhdl/berus-accumulator/vhdl/top_level/top_level_Implmnt/top_level.srm

fpga_mapper completed with warnings
# Sun Jan 28 11:04:18 2018

Return Code: 1
Run Time:00h:00m:01s
Complete: Map on top_level_syn|top_level_Implmnt
Complete: Logic Synthesis on top_level_syn|top_level_Implmnt

exit status=0

exit status=0

Copyright (C) 1992-2014 Lattice Semiconductor Corporation. All rights reserved.
Child process exit with 0.

==contents of top_level_Implmnt/top_level.srr
#Build: Synplify Pro L-2016.09L+ice40, Build 077R, Dec  2 2016
#install: /home/osboxes/lscc/iCEcube2.2017.08/synpbase
#OS: Linux 
#Hostname: osboxes

# Sun Jan 28 11:04:14 2018

#Implementation: top_level_Implmnt

Synopsys HDL Compiler, version comp2016q3p1, Build 141R, built Dec  5 2016
@N|Running in 64-bit mode
Copyright (C) 1994-2016 Synopsys, Inc. All rights reserved. This Synopsys software and all associated documentation are proprietary to Synopsys, Inc. and may only be used pursuant to the terms and conditions of a written license agreement with Synopsys, Inc. All other use, reproduction, modification, or distribution of the Synopsys software or the associated documentation is strictly prohibited.

Synopsys VHDL Compiler, version comp2016q3p1, Build 141R, built Dec  5 2016
@N|Running in 64-bit mode
Copyright (C) 1994-2016 Synopsys, Inc. All rights reserved. This Synopsys software and all associated documentation are proprietary to Synopsys, Inc. and may only be used pursuant to the terms and conditions of a written license agreement with Synopsys, Inc. All other use, reproduction, modification, or distribution of the Synopsys software or the associated documentation is strictly prohibited.

Running on host :osboxes
@N: CD720 :"/home/osboxes/lscc/iCEcube2.2017.08/synpbase/lib/vhd/std.vhd":123:18:123:21|Setting time resolution to ps
@N:"/media/sf_stefandz/Documents/Electronics/Personal/Current_integrator/vhdl/berus-accumulator/vhdl/top_level.vhdl":7:7:7:15|Top entity is set to top_level.
VHDL syntax check successful!
@N: CD630 :"/media/sf_stefandz/Documents/Electronics/Personal/Current_integrator/vhdl/berus-accumulator/vhdl/top_level.vhdl":7:7:7:15|Synthesizing work.top_level.behaviour.
Post processing for work.top_level.behaviour
@W: CL240 :"/media/sf_stefandz/Documents/Electronics/Personal/Current_integrator/vhdl/berus-accumulator/vhdl/top_level.vhdl":21:4:21:8|Signal led_3 is floating; a simulation mismatch is possible.
@W: CL240 :"/media/sf_stefandz/Documents/Electronics/Personal/Current_integrator/vhdl/berus-accumulator/vhdl/top_level.vhdl":20:4:20:8|Signal led_2 is floating; a simulation mismatch is possible.
@W: CL240 :"/media/sf_stefandz/Documents/Electronics/Personal/Current_integrator/vhdl/berus-accumulator/vhdl/top_level.vhdl":19:4:19:8|Signal led_1 is floating; a simulation mismatch is possible.
@W: CL240 :"/media/sf_stefandz/Documents/Electronics/Personal/Current_integrator/vhdl/berus-accumulator/vhdl/top_level.vhdl":16:4:16:7|Signal miso is floating; a simulation mismatch is possible.
@W: CL169 :"/media/sf_stefandz/Documents/Electronics/Personal/Current_integrator/vhdl/berus-accumulator/vhdl/top_level.vhdl":31:4:31:5|Pruning unused register acq_count_3(47 downto 0). Make sure that there are no unused intermediate registers.
@W: CL169 :"/media/sf_stefandz/Documents/Electronics/Personal/Current_integrator/vhdl/berus-accumulator/vhdl/top_level.vhdl":31:4:31:5|Pruning unused register ma_count_3(63 downto 0). Make sure that there are no unused intermediate registers.
@W: CL169 :"/media/sf_stefandz/Documents/Electronics/Personal/Current_integrator/vhdl/berus-accumulator/vhdl/top_level.vhdl":31:4:31:5|Pruning unused register ua_count_4(63 downto 0). Make sure that there are no unused intermediate registers.
@N: CL159 :"/media/sf_stefandz/Documents/Electronics/Personal/Current_integrator/vhdl/berus-accumulator/vhdl/top_level.vhdl":8:8:8:9|Input ua is unused.
@N: CL159 :"/media/sf_stefandz/Documents/Electronics/Personal/Current_integrator/vhdl/berus-accumulator/vhdl/top_level.vhdl":9:4:9:9|Input ua_ovf is unused.
@N: CL159 :"/media/sf_stefandz/Documents/Electronics/Personal/Current_integrator/vhdl/berus-accumulator/vhdl/top_level.vhdl":10:4:10:5|Input ma is unused.
@N: CL159 :"/media/sf_stefandz/Documents/Electronics/Personal/Current_integrator/vhdl/berus-accumulator/vhdl/top_level.vhdl":11:4:11:9|Input ma_ovf is unused.
@N: CL159 :"/media/sf_stefandz/Documents/Electronics/Personal/Current_integrator/vhdl/berus-accumulator/vhdl/top_level.vhdl":12:4:12:8|Input reset is unused.
@N: CL159 :"/media/sf_stefandz/Documents/Electronics/Personal/Current_integrator/vhdl/berus-accumulator/vhdl/top_level.vhdl":13:4:13:5|Input en is unused.
@N: CL159 :"/media/sf_stefandz/Documents/Electronics/Personal/Current_integrator/vhdl/berus-accumulator/vhdl/top_level.vhdl":14:4:14:10|Input acc_clk is unused.
@N: CL159 :"/media/sf_stefandz/Documents/Electronics/Personal/Current_integrator/vhdl/berus-accumulator/vhdl/top_level.vhdl":15:4:15:6|Input sck is unused.
@N: CL159 :"/media/sf_stefandz/Documents/Electronics/Personal/Current_integrator/vhdl/berus-accumulator/vhdl/top_level.vhdl":17:4:17:7|Input mosi is unused.
@N: CL159 :"/media/sf_stefandz/Documents/Electronics/Personal/Current_integrator/vhdl/berus-accumulator/vhdl/top_level.vhdl":18:4:18:5|Input cs is unused.

At c_vhdl Exit (Real Time elapsed 0h:00m:00s; CPU Time elapsed 0h:00m:00s; Memory used current: 68MB peak: 69MB)

Process took 0h:00m:01s realtime, 0h:00m:01s cputime

Process completed successfully.
# Sun Jan 28 11:04:14 2018

###########################################################]
Synopsys Netlist Linker, version comp2016q3p1, Build 141R, built Dec  5 2016
@N|Running in 64-bit mode
@N: NF107 :"/media/sf_stefandz/Documents/Electronics/Personal/Current_integrator/vhdl/berus-accumulator/vhdl/top_level.vhdl":7:7:7:15|Selected library: work cell: top_level view behaviour as top level
@N: NF107 :"/media/sf_stefandz/Documents/Electronics/Personal/Current_integrator/vhdl/berus-accumulator/vhdl/top_level.vhdl":7:7:7:15|Selected library: work cell: top_level view behaviour as top level

At syn_nfilter Exit (Real Time elapsed 0h:00m:00s; CPU Time elapsed 0h:00m:00s; Memory used current: 67MB peak: 67MB)

Process took 0h:00m:01s realtime, 0h:00m:01s cputime

Process completed successfully.
# Sun Jan 28 11:04:14 2018

###########################################################]
@END

At c_hdl Exit (Real Time elapsed 0h:00m:00s; CPU Time elapsed 0h:00m:00s; Memory used current: 3MB peak: 4MB)

Process took 0h:00m:01s realtime, 0h:00m:01s cputime

Process completed successfully.
# Sun Jan 28 11:04:14 2018

###########################################################]
Synopsys Netlist Linker, version comp2016q3p1, Build 141R, built Dec  5 2016
@N|Running in 64-bit mode
@N: NF107 :"/media/sf_stefandz/Documents/Electronics/Personal/Current_integrator/vhdl/berus-accumulator/vhdl/top_level.vhdl":7:7:7:15|Selected library: work cell: top_level view behaviour as top level
@N: NF107 :"/media/sf_stefandz/Documents/Electronics/Personal/Current_integrator/vhdl/berus-accumulator/vhdl/top_level.vhdl":7:7:7:15|Selected library: work cell: top_level view behaviour as top level

At syn_nfilter Exit (Real Time elapsed 0h:00m:00s; CPU Time elapsed 0h:00m:00s; Memory used current: 67MB peak: 68MB)

Process took 0h:00m:01s realtime, 0h:00m:01s cputime

Process completed successfully.
# Sun Jan 28 11:04:16 2018

###########################################################]
Pre-mapping Report

# Sun Jan 28 11:04:16 2018

Synopsys Lattice Technology Pre-mapping, Version maplat, Build 1612R, Built Dec  5 2016 09:30:53
Copyright (C) 1994-2016 Synopsys, Inc. All rights reserved. This Synopsys software and all associated documentation are proprietary to Synopsys, Inc. and may only be used pursuant to the terms and conditions of a written license agreement with Synopsys, Inc. All other use, reproduction, modification, or distribution of the Synopsys software or the associated documentation is strictly prohibited.
Product Version L-2016.09L+ice40

Mapper Startup Complete (Real Time elapsed 0h:00m:00s; CPU Time elapsed 0h:00m:00s; Memory used current: 99MB peak: 99MB)

@A: MF827 |No constraint file specified.
@L: /media/sf_stefandz/Documents/Electronics/Personal/Current_integrator/vhdl/berus-accumulator/vhdl/top_level/top_level_Implmnt/top_level_scck.rpt 
Printing clock  summary report in "/media/sf_stefandz/Documents/Electronics/Personal/Current_integrator/vhdl/berus-accumulator/vhdl/top_level/top_level_Implmnt/top_level_scck.rpt" file 
@N: MF248 |Running in 64-bit mode.
@N: MF666 |Clock conversion enabled. (Command "set_option -fix_gated_and_generated_clocks 1" in the project file.)

Design Input Complete (Real Time elapsed 0h:00m:00s; CPU Time elapsed 0h:00m:00s; Memory used current: 99MB peak: 101MB)


Mapper Initialization Complete (Real Time elapsed 0h:00m:00s; CPU Time elapsed 0h:00m:00s; Memory used current: 99MB peak: 101MB)


Start loading timing files (Real Time elapsed 0h:00m:00s; CPU Time elapsed 0h:00m:00s; Memory used current: 100MB peak: 101MB)


Finished loading timing files (Real Time elapsed 0h:00m:00s; CPU Time elapsed 0h:00m:00s; Memory used current: 101MB peak: 103MB)

ICG Latch Removal Summary:
Number of ICG latches removed:	0
Number of ICG latches not removed:	0
syn_allowed_resources : blockrams=32  set on top level netlist top_level

Finished netlist restructuring (Real Time elapsed 0h:00m:00s; CPU Time elapsed 0h:00m:00s; Memory used current: 131MB peak: 134MB)



Clock Summary
*****************

Start     Requested     Requested     Clock     Clock     Clock
Clock     Frequency     Period        Type      Group     Load 
---------------------------------------------------------------
===============================================================

Finished Pre Mapping Phase.
@N: BN225 |Writing default property annotation file /media/sf_stefandz/Documents/Electronics/Personal/Current_integrator/vhdl/berus-accumulator/vhdl/top_level/top_level_Implmnt/top_level.sap.

Starting constraint checker (Real Time elapsed 0h:00m:00s; CPU Time elapsed 0h:00m:00s; Memory used current: 131MB peak: 134MB)

None
None

Finished constraint checker (Real Time elapsed 0h:00m:00s; CPU Time elapsed 0h:00m:00s; Memory used current: 131MB peak: 134MB)

Pre-mapping successful!

At Mapper Exit (Real Time elapsed 0h:00m:00s; CPU Time elapsed 0h:00m:00s; Memory used current: 47MB peak: 134MB)

Process took 0h:00m:01s realtime, 0h:00m:01s cputime
# Sun Jan 28 11:04:17 2018

###########################################################]
Map & Optimize Report

# Sun Jan 28 11:04:17 2018

Synopsys Lattice Technology Mapper, Version maplat, Build 1612R, Built Dec  5 2016 09:30:53
Copyright (C) 1994-2016 Synopsys, Inc. All rights reserved. This Synopsys software and all associated documentation are proprietary to Synopsys, Inc. and may only be used pursuant to the terms and conditions of a written license agreement with Synopsys, Inc. All other use, reproduction, modification, or distribution of the Synopsys software or the associated documentation is strictly prohibited.
Product Version L-2016.09L+ice40

Mapper Startup Complete (Real Time elapsed 0h:00m:00s; CPU Time elapsed 0h:00m:00s; Memory used current: 99MB peak: 99MB)

@N: MF248 |Running in 64-bit mode.
@N: MF666 |Clock conversion enabled. (Command "set_option -fix_gated_and_generated_clocks 1" in the project file.)

Design Input Complete (Real Time elapsed 0h:00m:00s; CPU Time elapsed 0h:00m:00s; Memory used current: 99MB peak: 100MB)


Mapper Initialization Complete (Real Time elapsed 0h:00m:00s; CPU Time elapsed 0h:00m:00s; Memory used current: 99MB peak: 100MB)


Start loading timing files (Real Time elapsed 0h:00m:00s; CPU Time elapsed 0h:00m:00s; Memory used current: 100MB peak: 101MB)


Finished loading timing files (Real Time elapsed 0h:00m:00s; CPU Time elapsed 0h:00m:00s; Memory used current: 100MB peak: 103MB)



Starting Optimization and Mapping (Real Time elapsed 0h:00m:00s; CPU Time elapsed 0h:00m:00s; Memory used current: 131MB peak: 133MB)


Available hyper_sources - for debug and ip models
	None Found

@N: MT206 |Auto Constrain mode is enabled

Finished RTL optimizations (Real Time elapsed 0h:00m:00s; CPU Time elapsed 0h:00m:00s; Memory used current: 131MB peak: 133MB)


Starting factoring (Real Time elapsed 0h:00m:00s; CPU Time elapsed 0h:00m:00s; Memory used current: 131MB peak: 133MB)


Finished factoring (Real Time elapsed 0h:00m:00s; CPU Time elapsed 0h:00m:00s; Memory used current: 131MB peak: 133MB)


Finished gated-clock and generated-clock conversion (Real Time elapsed 0h:00m:00s; CPU Time elapsed 0h:00m:00s; Memory used current: 131MB peak: 133MB)


Finished generic timing optimizations - Pass 1 (Real Time elapsed 0h:00m:00s; CPU Time elapsed 0h:00m:00s; Memory used current: 131MB peak: 133MB)


Starting Early Timing Optimization (Real Time elapsed 0h:00m:00s; CPU Time elapsed 0h:00m:00s; Memory used current: 131MB peak: 133MB)


Finished Early Timing Optimization (Real Time elapsed 0h:00m:00s; CPU Time elapsed 0h:00m:00s; Memory used current: 131MB peak: 133MB)


Finished generic timing optimizations - Pass 2 (Real Time elapsed 0h:00m:00s; CPU Time elapsed 0h:00m:00s; Memory used current: 131MB peak: 133MB)


Finished preparing to map (Real Time elapsed 0h:00m:00s; CPU Time elapsed 0h:00m:00s; Memory used current: 131MB peak: 133MB)


Finished technology mapping (Real Time elapsed 0h:00m:00s; CPU Time elapsed 0h:00m:00s; Memory used current: 131MB peak: 133MB)

Pass		 CPU time		Worst Slack		Luts / Registers
------------------------------------------------------------
@W: FX689 :|Unbuffered I/O GND which could cause problems in P&R 
@W: FX689 :|Unbuffered I/O GND which could cause problems in P&R 
@W: FX689 :|Unbuffered I/O GND which could cause problems in P&R 
@W: FX689 :|Unbuffered I/O GND which could cause problems in P&R 
@W: FX689 :|Unbuffered I/O GND which could cause problems in P&R 
@W: FX689 :|Unbuffered I/O GND which could cause problems in P&R 
@W: FX689 :|Unbuffered I/O GND which could cause problems in P&R 
@W: FX689 :|Unbuffered I/O GND which could cause problems in P&R 

Finished technology timing optimizations and critical path resynthesis (Real Time elapsed 0h:00m:00s; CPU Time elapsed 0h:00m:00s; Memory used current: 131MB peak: 133MB)


Finished restoring hierarchy (Real Time elapsed 0h:00m:00s; CPU Time elapsed 0h:00m:00s; Memory used current: 131MB peak: 133MB)



@S |Clock Optimization Summary


#### START OF CLOCK OPTIMIZATION REPORT #####[

0 non-gated/non-generated clock tree(s) driving 0 clock pin(s) of sequential element(s)
0 gated/generated clock tree(s) driving 0 clock pin(s) of sequential element(s)
0 instances converted, 0 sequential instances remain driven by gated/generated clocks



##### END OF CLOCK OPTIMIZATION REPORT ######]


Start Writing Netlists (Real Time elapsed 0h:00m:00s; CPU Time elapsed 0h:00m:00s; Memory used current: 105MB peak: 133MB)

Writing Analyst data base /media/sf_stefandz/Documents/Electronics/Personal/Current_integrator/vhdl/berus-accumulator/vhdl/top_level/top_level_Implmnt/synwork/top_level_m.srm

Finished Writing Netlist Databases (Real Time elapsed 0h:00m:00s; CPU Time elapsed 0h:00m:00s; Memory used current: 130MB peak: 133MB)

Writing EDIF Netlist and constraint files
@N: BW103 |The default time unit for the Synopsys Constraint File (SDC or FDC) is 1ns.
@N: BW107 |Synopsys Constraint File capacitance units using default value of 1pF 
@N: FX1056 |Writing EDF file: /media/sf_stefandz/Documents/Electronics/Personal/Current_integrator/vhdl/berus-accumulator/vhdl/top_level/top_level_Implmnt/top_level.edf
L-2016.09L+ice40

Finished Writing EDIF Netlist and constraint files (Real Time elapsed 0h:00m:01s; CPU Time elapsed 0h:00m:00s; Memory used current: 131MB peak: 133MB)


Start final timing analysis (Real Time elapsed 0h:00m:01s; CPU Time elapsed 0h:00m:01s; Memory used current: 131MB peak: 133MB)



##### START OF TIMING REPORT #####[
# Timing Report written on Sun Jan 28 11:04:18 2018
#


Top view:               top_level
Requested Frequency:    1.0 MHz
Wire load mode:         top
Paths requested:        5
Constraint File(s):    
@N: MT320 |This timing report is an estimate of place and route data. For final timing results, use the FPGA vendor place and route report.

@N: MT322 |Clock constraints include only register-to-register paths associated with each individual clock.



Performance Summary
*******************


Worst slack in design: NA






Clock Relationships
*******************

Clocks            |    rise  to  rise   |    fall  to  fall   |    rise  to  fall   |    fall  to  rise 
--------------------------------------------------------------------------------------------------------
Starting  Ending  |  constraint  slack  |  constraint  slack  |  constraint  slack  |  constraint  slack
--------------------------------------------------------------------------------------------------------
========================================================================================================
 Note: 'No paths' indicates there are no paths in the design for that pair of clock edges.
       'Diff grp' indicates that paths exist but the starting clock and ending clock are in different clock groups.



Interface Information 
*********************

No IO constraint found


##### END OF TIMING REPORT #####]

Timing exceptions that could not be applied
None

Finished final timing analysis (Real Time elapsed 0h:00m:01s; CPU Time elapsed 0h:00m:01s; Memory used current: 132MB peak: 133MB)


Finished timing report (Real Time elapsed 0h:00m:01s; CPU Time elapsed 0h:00m:01s; Memory used current: 132MB peak: 133MB)

---------------------------------------
Resource Usage Report for top_level 

Mapping to part: ice40hx8kct256
I/O Register bits:                  0
Register bits not including I/Os:   0 (0%)
Total load per clock:

@S |Mapping Summary:
Total  LUTs: 0 (0%)

Mapper successful!

At Mapper Exit (Real Time elapsed 0h:00m:01s; CPU Time elapsed 0h:00m:01s; Memory used current: 25MB peak: 133MB)

Process took 0h:00m:01s realtime, 0h:00m:01s cputime
# Sun Jan 28 11:04:18 2018

###########################################################]


Synthesis exit by 0.
Current Implementation top_level_Implmnt its sbt path: /media/sf_stefandz/Documents/Electronics/Personal/Current_integrator/vhdl/berus-accumulator/vhdl/top_level/top_level_Implmnt/sbt
Synthesis succeed.
Synthesis succeeded.
Synthesis runtime 5 seconds


"/home/osboxes/lscc/iCEcube2.2017.08/sbt_backend/bin/linux/opt/edifparser" "/home/osboxes/lscc/iCEcube2.2017.08/sbt_backend/devices/ICE40P08.dev" "/media/sf_stefandz/Documents/Electronics/Personal/Current_integrator/vhdl/berus-accumulator/vhdl/top_level/top_level_Implmnt/top_level.edf " "/media/sf_stefandz/Documents/Electronics/Personal/Current_integrator/vhdl/berus-accumulator/vhdl/top_level/top_level_Implmnt/sbt/netlist" "-pCT256" -c -e --devicename iCE40HX8K
starting edif parserrunning edif parserLattice Semiconductor Corporation  Edif Parser
Release:        2017.08.27940
Build Date:     Sep 12 2017 08:01:35

Parsing edif file: /media/sf_stefandz/Documents/Electronics/Personal/Current_integrator/vhdl/berus-accumulator/vhdl/top_level/top_level_Implmnt/top_level.edf...
start to read sdc/scf file /media/sf_stefandz/Documents/Electronics/Personal/Current_integrator/vhdl/berus-accumulator/vhdl/top_level/top_level_Implmnt/top_level.scf
sdc_reader OK /media/sf_stefandz/Documents/Electronics/Personal/Current_integrator/vhdl/berus-accumulator/vhdl/top_level/top_level_Implmnt/top_level.scf
/home/osboxes/lscc/iCEcube2.2017.08/sbt_backend/bin/linux/opt/oaFSLockD: error while loading shared libraries: libelf.so.1: cannot open shared object file: No such file or directory
Received exception from oaDMFileSys plug-in when accessing library BFPGA_DESIGN_ep: #176: Unable to map file '/media/sf_stefandz/Documents/Electronics/Personal/Current_integrator/vhdl/berus-accumulator/vhdl/top_level/top_level_Implmnt/sbt/netlist/oadb-top_level/BFPGA_DESIGN_ep/top_level/INTERFACE/master.tag' into memory. OS error code: '22': "Invalid argument"

oaInterface::OpenLib_Design OpenDesign failed /media/sf_stefandz/Documents/Electronics/Personal/Current_integrator/vhdl/berus-accumulator/vhdl/top_level/top_level_Implmnt/sbt/netlist/oadb-top_level BFPGA_DESIGN_ep top_level INTERFACE
writeOut OpenLib_Design failed 


"/home/osboxes/lscc/iCEcube2.2017.08/sbt_backend/bin/linux/opt/edifparser" "/home/osboxes/lscc/iCEcube2.2017.08/sbt_backend/devices/ICE40P08.dev" "/media/sf_stefandz/Documents/Electronics/Personal/Current_integrator/vhdl/berus-accumulator/vhdl/top_level/top_level_Implmnt/top_level.edf " "/media/sf_stefandz/Documents/Electronics/Personal/Current_integrator/vhdl/berus-accumulator/vhdl/top_level/top_level_Implmnt/sbt/netlist" "-pCT256" -c -e --devicename iCE40HX8K
starting edif parserrunning edif parserLattice Semiconductor Corporation  Edif Parser
Release:        2017.08.27940
Build Date:     Sep 12 2017 08:01:35

Parsing edif file: /media/sf_stefandz/Documents/Electronics/Personal/Current_integrator/vhdl/berus-accumulator/vhdl/top_level/top_level_Implmnt/top_level.edf...
start to read sdc/scf file /media/sf_stefandz/Documents/Electronics/Personal/Current_integrator/vhdl/berus-accumulator/vhdl/top_level/top_level_Implmnt/top_level.scf
sdc_reader OK /media/sf_stefandz/Documents/Electronics/Personal/Current_integrator/vhdl/berus-accumulator/vhdl/top_level/top_level_Implmnt/top_level.scf
The master file does not exist
oaInterface::OpenLib_Design OpenDesign failed /media/sf_stefandz/Documents/Electronics/Personal/Current_integrator/vhdl/berus-accumulator/vhdl/top_level/top_level_Implmnt/sbt/netlist/oadb-top_level BFPGA_DESIGN_ep top_level INTERFACE
writeOut OpenLib_Design failed 
Current Implementation top_level_Implmnt its sbt path: /media/sf_stefandz/Documents/Electronics/Personal/Current_integrator/vhdl/berus-accumulator/vhdl/top_level/top_level_Implmnt/sbt


"/home/osboxes/lscc/iCEcube2.2017.08/sbt_backend/bin/linux/opt/edifparser" "/home/osboxes/lscc/iCEcube2.2017.08/sbt_backend/devices/ICE40P08.dev" "/media/sf_stefandz/Documents/Electronics/Personal/Current_integrator/vhdl/berus-accumulator/vhdl/top_level/top_level_Implmnt/top_level.edf " "/media/sf_stefandz/Documents/Electronics/Personal/Current_integrator/vhdl/berus-accumulator/vhdl/top_level/top_level_Implmnt/sbt/netlist" "-pCT256" -c -e --devicename iCE40HX8K
starting edif parserrunning edif parserLattice Semiconductor Corporation  Edif Parser
Release:        2017.08.27940
Build Date:     Sep 12 2017 08:01:35

Parsing edif file: /media/sf_stefandz/Documents/Electronics/Personal/Current_integrator/vhdl/berus-accumulator/vhdl/top_level/top_level_Implmnt/top_level.edf...
start to read sdc/scf file /media/sf_stefandz/Documents/Electronics/Personal/Current_integrator/vhdl/berus-accumulator/vhdl/top_level/top_level_Implmnt/top_level.scf
sdc_reader OK /media/sf_stefandz/Documents/Electronics/Personal/Current_integrator/vhdl/berus-accumulator/vhdl/top_level/top_level_Implmnt/top_level.scf
Received exception from oaDMFileSys plug-in when accessing library BFPGA_DESIGN_ep: #176: Unable to map file '/media/sf_stefandz/Documents/Electronics/Personal/Current_integrator/vhdl/berus-accumulator/vhdl/top_level/top_level_Implmnt/sbt/netlist/oadb-top_level/BFPGA_DESIGN_ep/top_level/INTERFACE/master.tag' into memory. OS error code: '22': "Invalid argument"

oaInterface::OpenLib_Design OpenDesign failed /media/sf_stefandz/Documents/Electronics/Personal/Current_integrator/vhdl/berus-accumulator/vhdl/top_level/top_level_Implmnt/sbt/netlist/oadb-top_level BFPGA_DESIGN_ep top_level INTERFACE
writeOut OpenLib_Design failed 
"/home/osboxes/lscc/iCEcube2.2017.08/sbt_backend/bin/linux/opt/synpwrap/synpwrap" -prj "top_level_syn.prj" -log "top_level_Implmnt/top_level.srr"
starting Synthesisrunning SynthesisRunning in Lattice mode


Starting:    /home/osboxes/lscc/iCEcube2.2017.08/synpbase/linux_a_64/mbin/synbatch
Install:     /home/osboxes/lscc/iCEcube2.2017.08/synpbase
Hostname:    osboxes
Date:        Sun Jan 28 11:13:28 2018
Version:     L-2016.09L+ice40

Arguments:   -product synplify_pro -batch top_level_syn.prj
ProductType: synplify_pro





log file: "/media/sf_stefandz/Documents/Electronics/Personal/Current_integrator/vhdl/berus-accumulator/vhdl/top_level/top_level_Implmnt/top_level.srr"
Running: top_level_Implmnt in foreground

Running top_level_syn|top_level_Implmnt

Running: compile (Compile) on top_level_syn|top_level_Implmnt
# Sun Jan 28 11:13:28 2018

Running: compile_flow (Compile Process) on top_level_syn|top_level_Implmnt
# Sun Jan 28 11:13:28 2018

Running: compiler (Compile Input) on top_level_syn|top_level_Implmnt
# Sun Jan 28 11:13:28 2018
Copied /media/sf_stefandz/Documents/Electronics/Personal/Current_integrator/vhdl/berus-accumulator/vhdl/top_level/top_level_Implmnt/synwork/top_level_comp.srs to /media/sf_stefandz/Documents/Electronics/Personal/Current_integrator/vhdl/berus-accumulator/vhdl/top_level/top_level_Implmnt/top_level.srs

compiler completed
# Sun Jan 28 11:13:30 2018

Return Code: 0
Run Time:00h:00m:02s

Running: multi_srs_gen (Multi-srs Generator) on top_level_syn|top_level_Implmnt
# Sun Jan 28 11:13:30 2018

multi_srs_gen completed
# Sun Jan 28 11:13:30 2018

Return Code: 0
Run Time:00h:00m:00s
Copied /media/sf_stefandz/Documents/Electronics/Personal/Current_integrator/vhdl/berus-accumulator/vhdl/top_level/top_level_Implmnt/synwork/top_level_mult.srs to /media/sf_stefandz/Documents/Electronics/Personal/Current_integrator/vhdl/berus-accumulator/vhdl/top_level/top_level_Implmnt/top_level.srs
Complete: Compile Process on top_level_syn|top_level_Implmnt

Running: premap (Pre-mapping) on top_level_syn|top_level_Implmnt
# Sun Jan 28 11:13:30 2018

premap completed
# Sun Jan 28 11:13:31 2018

Return Code: 0
Run Time:00h:00m:01s
Complete: Compile on top_level_syn|top_level_Implmnt

Running: map (Map) on top_level_syn|top_level_Implmnt
# Sun Jan 28 11:13:31 2018
License granted for 4 parallel jobs

Running: fpga_mapper (Map & Optimize) on top_level_syn|top_level_Implmnt
# Sun Jan 28 11:13:31 2018
Copied /media/sf_stefandz/Documents/Electronics/Personal/Current_integrator/vhdl/berus-accumulator/vhdl/top_level/top_level_Implmnt/synwork/top_level_m.srm to /media/sf_stefandz/Documents/Electronics/Personal/Current_integrator/vhdl/berus-accumulator/vhdl/top_level/top_level_Implmnt/top_level.srm

fpga_mapper completed with warnings
# Sun Jan 28 11:13:32 2018

Return Code: 1
Run Time:00h:00m:01s
Complete: Map on top_level_syn|top_level_Implmnt
Complete: Logic Synthesis on top_level_syn|top_level_Implmnt

exit status=0

exit status=0

Copyright (C) 1992-2014 Lattice Semiconductor Corporation. All rights reserved.
Child process exit with 0.

==contents of top_level_Implmnt/top_level.srr
#Build: Synplify Pro L-2016.09L+ice40, Build 077R, Dec  2 2016
#install: /home/osboxes/lscc/iCEcube2.2017.08/synpbase
#OS: Linux 
#Hostname: osboxes

# Sun Jan 28 11:13:28 2018

#Implementation: top_level_Implmnt

Synopsys HDL Compiler, version comp2016q3p1, Build 141R, built Dec  5 2016
@N|Running in 64-bit mode
Copyright (C) 1994-2016 Synopsys, Inc. All rights reserved. This Synopsys software and all associated documentation are proprietary to Synopsys, Inc. and may only be used pursuant to the terms and conditions of a written license agreement with Synopsys, Inc. All other use, reproduction, modification, or distribution of the Synopsys software or the associated documentation is strictly prohibited.

Synopsys VHDL Compiler, version comp2016q3p1, Build 141R, built Dec  5 2016
@N|Running in 64-bit mode
Copyright (C) 1994-2016 Synopsys, Inc. All rights reserved. This Synopsys software and all associated documentation are proprietary to Synopsys, Inc. and may only be used pursuant to the terms and conditions of a written license agreement with Synopsys, Inc. All other use, reproduction, modification, or distribution of the Synopsys software or the associated documentation is strictly prohibited.

Running on host :osboxes
@N: CD720 :"/home/osboxes/lscc/iCEcube2.2017.08/synpbase/lib/vhd/std.vhd":123:18:123:21|Setting time resolution to ps
@N:"/media/sf_stefandz/Documents/Electronics/Personal/Current_integrator/vhdl/berus-accumulator/vhdl/top_level.vhdl":7:7:7:15|Top entity is set to top_level.

File Dependency file is up to date.  It will not be rewritten.

VHDL syntax check successful!

Compiler output is up to date.  No re-compile necessary

@N: CD630 :"/media/sf_stefandz/Documents/Electronics/Personal/Current_integrator/vhdl/berus-accumulator/vhdl/top_level.vhdl":7:7:7:15|Synthesizing work.top_level.behaviour.
Post processing for work.top_level.behaviour
@W: CL240 :"/media/sf_stefandz/Documents/Electronics/Personal/Current_integrator/vhdl/berus-accumulator/vhdl/top_level.vhdl":21:4:21:8|Signal led_3 is floating; a simulation mismatch is possible.
@W: CL240 :"/media/sf_stefandz/Documents/Electronics/Personal/Current_integrator/vhdl/berus-accumulator/vhdl/top_level.vhdl":20:4:20:8|Signal led_2 is floating; a simulation mismatch is possible.
@W: CL240 :"/media/sf_stefandz/Documents/Electronics/Personal/Current_integrator/vhdl/berus-accumulator/vhdl/top_level.vhdl":19:4:19:8|Signal led_1 is floating; a simulation mismatch is possible.
@W: CL240 :"/media/sf_stefandz/Documents/Electronics/Personal/Current_integrator/vhdl/berus-accumulator/vhdl/top_level.vhdl":16:4:16:7|Signal miso is floating; a simulation mismatch is possible.
@W: CL169 :"/media/sf_stefandz/Documents/Electronics/Personal/Current_integrator/vhdl/berus-accumulator/vhdl/top_level.vhdl":31:4:31:5|Pruning unused register acq_count_3(47 downto 0). Make sure that there are no unused intermediate registers.
@W: CL169 :"/media/sf_stefandz/Documents/Electronics/Personal/Current_integrator/vhdl/berus-accumulator/vhdl/top_level.vhdl":31:4:31:5|Pruning unused register ma_count_3(63 downto 0). Make sure that there are no unused intermediate registers.
@W: CL169 :"/media/sf_stefandz/Documents/Electronics/Personal/Current_integrator/vhdl/berus-accumulator/vhdl/top_level.vhdl":31:4:31:5|Pruning unused register ua_count_4(63 downto 0). Make sure that there are no unused intermediate registers.
@N: CL159 :"/media/sf_stefandz/Documents/Electronics/Personal/Current_integrator/vhdl/berus-accumulator/vhdl/top_level.vhdl":8:8:8:9|Input ua is unused.
@N: CL159 :"/media/sf_stefandz/Documents/Electronics/Personal/Current_integrator/vhdl/berus-accumulator/vhdl/top_level.vhdl":9:4:9:9|Input ua_ovf is unused.
@N: CL159 :"/media/sf_stefandz/Documents/Electronics/Personal/Current_integrator/vhdl/berus-accumulator/vhdl/top_level.vhdl":10:4:10:5|Input ma is unused.
@N: CL159 :"/media/sf_stefandz/Documents/Electronics/Personal/Current_integrator/vhdl/berus-accumulator/vhdl/top_level.vhdl":11:4:11:9|Input ma_ovf is unused.
@N: CL159 :"/media/sf_stefandz/Documents/Electronics/Personal/Current_integrator/vhdl/berus-accumulator/vhdl/top_level.vhdl":12:4:12:8|Input reset is unused.
@N: CL159 :"/media/sf_stefandz/Documents/Electronics/Personal/Current_integrator/vhdl/berus-accumulator/vhdl/top_level.vhdl":13:4:13:5|Input en is unused.
@N: CL159 :"/media/sf_stefandz/Documents/Electronics/Personal/Current_integrator/vhdl/berus-accumulator/vhdl/top_level.vhdl":14:4:14:10|Input acc_clk is unused.
@N: CL159 :"/media/sf_stefandz/Documents/Electronics/Personal/Current_integrator/vhdl/berus-accumulator/vhdl/top_level.vhdl":15:4:15:6|Input sck is unused.
@N: CL159 :"/media/sf_stefandz/Documents/Electronics/Personal/Current_integrator/vhdl/berus-accumulator/vhdl/top_level.vhdl":17:4:17:7|Input mosi is unused.
@N: CL159 :"/media/sf_stefandz/Documents/Electronics/Personal/Current_integrator/vhdl/berus-accumulator/vhdl/top_level.vhdl":18:4:18:5|Input cs is unused.

At c_vhdl Exit (Real Time elapsed 0h:00m:00s; CPU Time elapsed 0h:00m:00s; Memory used current: 68MB peak: 69MB)

Process took 0h:00m:01s realtime, 0h:00m:01s cputime

Process completed successfully.
# Sun Jan 28 11:13:28 2018

###########################################################]
Synopsys Netlist Linker, version comp2016q3p1, Build 141R, built Dec  5 2016
@N|Running in 64-bit mode
@N: NF107 :"/media/sf_stefandz/Documents/Electronics/Personal/Current_integrator/vhdl/berus-accumulator/vhdl/top_level.vhdl":7:7:7:15|Selected library: work cell: top_level view behaviour as top level
@N: NF107 :"/media/sf_stefandz/Documents/Electronics/Personal/Current_integrator/vhdl/berus-accumulator/vhdl/top_level.vhdl":7:7:7:15|Selected library: work cell: top_level view behaviour as top level

At syn_nfilter Exit (Real Time elapsed 0h:00m:00s; CPU Time elapsed 0h:00m:00s; Memory used current: 67MB peak: 67MB)

Process took 0h:00m:01s realtime, 0h:00m:01s cputime

Process completed successfully.
# Sun Jan 28 11:13:28 2018

###########################################################]
@END

At c_hdl Exit (Real Time elapsed 0h:00m:00s; CPU Time elapsed 0h:00m:00s; Memory used current: 3MB peak: 4MB)

Process took 0h:00m:01s realtime, 0h:00m:01s cputime

Process completed successfully.
# Sun Jan 28 11:13:28 2018

###########################################################]
Synopsys Netlist Linker, version comp2016q3p1, Build 141R, built Dec  5 2016
@N|Running in 64-bit mode
File /media/sf_stefandz/Documents/Electronics/Personal/Current_integrator/vhdl/berus-accumulator/vhdl/top_level/top_level_Implmnt/synwork/top_level_comp.srs changed - recompiling
@N: NF107 :"/media/sf_stefandz/Documents/Electronics/Personal/Current_integrator/vhdl/berus-accumulator/vhdl/top_level.vhdl":7:7:7:15|Selected library: work cell: top_level view behaviour as top level
@N: NF107 :"/media/sf_stefandz/Documents/Electronics/Personal/Current_integrator/vhdl/berus-accumulator/vhdl/top_level.vhdl":7:7:7:15|Selected library: work cell: top_level view behaviour as top level

At syn_nfilter Exit (Real Time elapsed 0h:00m:00s; CPU Time elapsed 0h:00m:00s; Memory used current: 67MB peak: 68MB)

Process took 0h:00m:01s realtime, 0h:00m:01s cputime

Process completed successfully.
# Sun Jan 28 11:13:30 2018

###########################################################]
Pre-mapping Report

# Sun Jan 28 11:13:30 2018

Synopsys Lattice Technology Pre-mapping, Version maplat, Build 1612R, Built Dec  5 2016 09:30:53
Copyright (C) 1994-2016 Synopsys, Inc. All rights reserved. This Synopsys software and all associated documentation are proprietary to Synopsys, Inc. and may only be used pursuant to the terms and conditions of a written license agreement with Synopsys, Inc. All other use, reproduction, modification, or distribution of the Synopsys software or the associated documentation is strictly prohibited.
Product Version L-2016.09L+ice40

Mapper Startup Complete (Real Time elapsed 0h:00m:00s; CPU Time elapsed 0h:00m:00s; Memory used current: 99MB peak: 99MB)

@A: MF827 |No constraint file specified.
@L: /media/sf_stefandz/Documents/Electronics/Personal/Current_integrator/vhdl/berus-accumulator/vhdl/top_level/top_level_Implmnt/top_level_scck.rpt 
Printing clock  summary report in "/media/sf_stefandz/Documents/Electronics/Personal/Current_integrator/vhdl/berus-accumulator/vhdl/top_level/top_level_Implmnt/top_level_scck.rpt" file 
@N: MF248 |Running in 64-bit mode.
@N: MF666 |Clock conversion enabled. (Command "set_option -fix_gated_and_generated_clocks 1" in the project file.)

Design Input Complete (Real Time elapsed 0h:00m:00s; CPU Time elapsed 0h:00m:00s; Memory used current: 99MB peak: 101MB)


Mapper Initialization Complete (Real Time elapsed 0h:00m:00s; CPU Time elapsed 0h:00m:00s; Memory used current: 99MB peak: 101MB)


Start loading timing files (Real Time elapsed 0h:00m:00s; CPU Time elapsed 0h:00m:00s; Memory used current: 100MB peak: 101MB)


Finished loading timing files (Real Time elapsed 0h:00m:00s; CPU Time elapsed 0h:00m:00s; Memory used current: 101MB peak: 103MB)

ICG Latch Removal Summary:
Number of ICG latches removed:	0
Number of ICG latches not removed:	0
syn_allowed_resources : blockrams=32  set on top level netlist top_level

Finished netlist restructuring (Real Time elapsed 0h:00m:00s; CPU Time elapsed 0h:00m:00s; Memory used current: 131MB peak: 134MB)



Clock Summary
*****************

Start     Requested     Requested     Clock     Clock     Clock
Clock     Frequency     Period        Type      Group     Load 
---------------------------------------------------------------
===============================================================

Finished Pre Mapping Phase.
@N: BN225 |Writing default property annotation file /media/sf_stefandz/Documents/Electronics/Personal/Current_integrator/vhdl/berus-accumulator/vhdl/top_level/top_level_Implmnt/top_level.sap.

Starting constraint checker (Real Time elapsed 0h:00m:00s; CPU Time elapsed 0h:00m:00s; Memory used current: 131MB peak: 134MB)

None
None

Finished constraint checker (Real Time elapsed 0h:00m:00s; CPU Time elapsed 0h:00m:00s; Memory used current: 131MB peak: 134MB)

Pre-mapping successful!

At Mapper Exit (Real Time elapsed 0h:00m:00s; CPU Time elapsed 0h:00m:00s; Memory used current: 47MB peak: 134MB)

Process took 0h:00m:01s realtime, 0h:00m:01s cputime
# Sun Jan 28 11:13:31 2018

###########################################################]
Map & Optimize Report

# Sun Jan 28 11:13:31 2018

Synopsys Lattice Technology Mapper, Version maplat, Build 1612R, Built Dec  5 2016 09:30:53
Copyright (C) 1994-2016 Synopsys, Inc. All rights reserved. This Synopsys software and all associated documentation are proprietary to Synopsys, Inc. and may only be used pursuant to the terms and conditions of a written license agreement with Synopsys, Inc. All other use, reproduction, modification, or distribution of the Synopsys software or the associated documentation is strictly prohibited.
Product Version L-2016.09L+ice40

Mapper Startup Complete (Real Time elapsed 0h:00m:00s; CPU Time elapsed 0h:00m:00s; Memory used current: 99MB peak: 99MB)

@N: MF248 |Running in 64-bit mode.
@N: MF666 |Clock conversion enabled. (Command "set_option -fix_gated_and_generated_clocks 1" in the project file.)

Design Input Complete (Real Time elapsed 0h:00m:00s; CPU Time elapsed 0h:00m:00s; Memory used current: 99MB peak: 100MB)


Mapper Initialization Complete (Real Time elapsed 0h:00m:00s; CPU Time elapsed 0h:00m:00s; Memory used current: 99MB peak: 100MB)


Start loading timing files (Real Time elapsed 0h:00m:00s; CPU Time elapsed 0h:00m:00s; Memory used current: 100MB peak: 101MB)


Finished loading timing files (Real Time elapsed 0h:00m:00s; CPU Time elapsed 0h:00m:00s; Memory used current: 100MB peak: 103MB)



Starting Optimization and Mapping (Real Time elapsed 0h:00m:00s; CPU Time elapsed 0h:00m:00s; Memory used current: 131MB peak: 133MB)


Available hyper_sources - for debug and ip models
	None Found

@N: MT206 |Auto Constrain mode is enabled

Finished RTL optimizations (Real Time elapsed 0h:00m:00s; CPU Time elapsed 0h:00m:00s; Memory used current: 131MB peak: 133MB)


Starting factoring (Real Time elapsed 0h:00m:00s; CPU Time elapsed 0h:00m:00s; Memory used current: 131MB peak: 133MB)


Finished factoring (Real Time elapsed 0h:00m:00s; CPU Time elapsed 0h:00m:00s; Memory used current: 131MB peak: 133MB)


Finished gated-clock and generated-clock conversion (Real Time elapsed 0h:00m:00s; CPU Time elapsed 0h:00m:00s; Memory used current: 131MB peak: 133MB)


Finished generic timing optimizations - Pass 1 (Real Time elapsed 0h:00m:00s; CPU Time elapsed 0h:00m:00s; Memory used current: 131MB peak: 133MB)


Starting Early Timing Optimization (Real Time elapsed 0h:00m:00s; CPU Time elapsed 0h:00m:00s; Memory used current: 131MB peak: 133MB)


Finished Early Timing Optimization (Real Time elapsed 0h:00m:00s; CPU Time elapsed 0h:00m:00s; Memory used current: 131MB peak: 133MB)


Finished generic timing optimizations - Pass 2 (Real Time elapsed 0h:00m:00s; CPU Time elapsed 0h:00m:00s; Memory used current: 131MB peak: 133MB)


Finished preparing to map (Real Time elapsed 0h:00m:00s; CPU Time elapsed 0h:00m:00s; Memory used current: 131MB peak: 133MB)


Finished technology mapping (Real Time elapsed 0h:00m:00s; CPU Time elapsed 0h:00m:00s; Memory used current: 131MB peak: 133MB)

Pass		 CPU time		Worst Slack		Luts / Registers
------------------------------------------------------------
@W: FX689 :|Unbuffered I/O GND which could cause problems in P&R 
@W: FX689 :|Unbuffered I/O GND which could cause problems in P&R 
@W: FX689 :|Unbuffered I/O GND which could cause problems in P&R 
@W: FX689 :|Unbuffered I/O GND which could cause problems in P&R 
@W: FX689 :|Unbuffered I/O GND which could cause problems in P&R 
@W: FX689 :|Unbuffered I/O GND which could cause problems in P&R 
@W: FX689 :|Unbuffered I/O GND which could cause problems in P&R 
@W: FX689 :|Unbuffered I/O GND which could cause problems in P&R 

Finished technology timing optimizations and critical path resynthesis (Real Time elapsed 0h:00m:00s; CPU Time elapsed 0h:00m:00s; Memory used current: 131MB peak: 133MB)


Finished restoring hierarchy (Real Time elapsed 0h:00m:00s; CPU Time elapsed 0h:00m:00s; Memory used current: 131MB peak: 133MB)



@S |Clock Optimization Summary


#### START OF CLOCK OPTIMIZATION REPORT #####[

0 non-gated/non-generated clock tree(s) driving 0 clock pin(s) of sequential element(s)
0 gated/generated clock tree(s) driving 0 clock pin(s) of sequential element(s)
0 instances converted, 0 sequential instances remain driven by gated/generated clocks



##### END OF CLOCK OPTIMIZATION REPORT ######]


Start Writing Netlists (Real Time elapsed 0h:00m:00s; CPU Time elapsed 0h:00m:00s; Memory used current: 105MB peak: 133MB)

Writing Analyst data base /media/sf_stefandz/Documents/Electronics/Personal/Current_integrator/vhdl/berus-accumulator/vhdl/top_level/top_level_Implmnt/synwork/top_level_m.srm

Finished Writing Netlist Databases (Real Time elapsed 0h:00m:00s; CPU Time elapsed 0h:00m:00s; Memory used current: 130MB peak: 133MB)

Writing EDIF Netlist and constraint files
@N: BW103 |The default time unit for the Synopsys Constraint File (SDC or FDC) is 1ns.
@N: BW107 |Synopsys Constraint File capacitance units using default value of 1pF 
@N: FX1056 |Writing EDF file: /media/sf_stefandz/Documents/Electronics/Personal/Current_integrator/vhdl/berus-accumulator/vhdl/top_level/top_level_Implmnt/top_level.edf
L-2016.09L+ice40

Finished Writing EDIF Netlist and constraint files (Real Time elapsed 0h:00m:01s; CPU Time elapsed 0h:00m:00s; Memory used current: 131MB peak: 133MB)


Start final timing analysis (Real Time elapsed 0h:00m:01s; CPU Time elapsed 0h:00m:01s; Memory used current: 131MB peak: 133MB)



##### START OF TIMING REPORT #####[
# Timing Report written on Sun Jan 28 11:13:32 2018
#


Top view:               top_level
Requested Frequency:    1.0 MHz
Wire load mode:         top
Paths requested:        5
Constraint File(s):    
@N: MT320 |This timing report is an estimate of place and route data. For final timing results, use the FPGA vendor place and route report.

@N: MT322 |Clock constraints include only register-to-register paths associated with each individual clock.



Performance Summary
*******************


Worst slack in design: NA






Clock Relationships
*******************

Clocks            |    rise  to  rise   |    fall  to  fall   |    rise  to  fall   |    fall  to  rise 
--------------------------------------------------------------------------------------------------------
Starting  Ending  |  constraint  slack  |  constraint  slack  |  constraint  slack  |  constraint  slack
--------------------------------------------------------------------------------------------------------
========================================================================================================
 Note: 'No paths' indicates there are no paths in the design for that pair of clock edges.
       'Diff grp' indicates that paths exist but the starting clock and ending clock are in different clock groups.



Interface Information 
*********************

No IO constraint found


##### END OF TIMING REPORT #####]

Timing exceptions that could not be applied
None

Finished final timing analysis (Real Time elapsed 0h:00m:01s; CPU Time elapsed 0h:00m:01s; Memory used current: 132MB peak: 133MB)


Finished timing report (Real Time elapsed 0h:00m:01s; CPU Time elapsed 0h:00m:01s; Memory used current: 132MB peak: 133MB)

---------------------------------------
Resource Usage Report for top_level 

Mapping to part: ice40hx8kct256
I/O Register bits:                  0
Register bits not including I/Os:   0 (0%)
Total load per clock:

@S |Mapping Summary:
Total  LUTs: 0 (0%)

Mapper successful!

At Mapper Exit (Real Time elapsed 0h:00m:01s; CPU Time elapsed 0h:00m:01s; Memory used current: 25MB peak: 133MB)

Process took 0h:00m:01s realtime, 0h:00m:01s cputime
# Sun Jan 28 11:13:32 2018

###########################################################]


Synthesis exit by 0.
Current Implementation top_level_Implmnt its sbt path: /media/sf_stefandz/Documents/Electronics/Personal/Current_integrator/vhdl/berus-accumulator/vhdl/top_level/top_level_Implmnt/sbt
top_level_Implmnt: newer file /media/sf_stefandz/Documents/Electronics/Personal/Current_integrator/vhdl/berus-accumulator/vhdl/top_level/top_level_Implmnt/top_level.edf detected. Need to run "Import P&R Input Files"
Synthesis succeed.
Synthesis succeeded.
Synthesis runtime 5 seconds


"/home/osboxes/lscc/iCEcube2.2017.08/sbt_backend/bin/linux/opt/edifparser" "/home/osboxes/lscc/iCEcube2.2017.08/sbt_backend/devices/ICE40P08.dev" "/media/sf_stefandz/Documents/Electronics/Personal/Current_integrator/vhdl/berus-accumulator/vhdl/top_level/top_level_Implmnt/top_level.edf " "/media/sf_stefandz/Documents/Electronics/Personal/Current_integrator/vhdl/berus-accumulator/vhdl/top_level/top_level_Implmnt/sbt/netlist" "-pCT256" -c -e --devicename iCE40HX8K
starting edif parserLattice Semiconductor Corporation  Edif Parser
Release:        2017.08.27940
Build Date:     Sep 12 2017 08:01:35

running edif parserParsing edif file: /media/sf_stefandz/Documents/Electronics/Personal/Current_integrator/vhdl/berus-accumulator/vhdl/top_level/top_level_Implmnt/top_level.edf...
start to read sdc/scf file /media/sf_stefandz/Documents/Electronics/Personal/Current_integrator/vhdl/berus-accumulator/vhdl/top_level/top_level_Implmnt/top_level.scf
sdc_reader OK /media/sf_stefandz/Documents/Electronics/Personal/Current_integrator/vhdl/berus-accumulator/vhdl/top_level/top_level_Implmnt/top_level.scf
Received exception from oaDMFileSys plug-in when accessing library BFPGA_DESIGN_ep: #176: Unable to map file '/media/sf_stefandz/Documents/Electronics/Personal/Current_integrator/vhdl/berus-accumulator/vhdl/top_level/top_level_Implmnt/sbt/netlist/oadb-top_level/BFPGA_DESIGN_ep/top_level/INTERFACE/master.tag' into memory. OS error code: '22': "Invalid argument"

oaInterface::OpenLib_Design OpenDesign failed /media/sf_stefandz/Documents/Electronics/Personal/Current_integrator/vhdl/berus-accumulator/vhdl/top_level/top_level_Implmnt/sbt/netlist/oadb-top_level BFPGA_DESIGN_ep top_level INTERFACE
writeOut OpenLib_Design failed 
Current Implementation top_level_Implmnt its sbt path: /media/sf_stefandz/Documents/Electronics/Personal/Current_integrator/vhdl/berus-accumulator/vhdl/top_level/top_level_Implmnt/sbt
11:17
