Running in Lattice mode


Starting:    /home/osboxes/lscc/iCEcube2.2017.08/synpbase/linux_a_64/mbin/synbatch
Install:     /home/osboxes/lscc/iCEcube2.2017.08/synpbase
Hostname:    osboxes
Date:        Sun Jan 28 11:13:28 2018
Version:     L-2016.09L+ice40

Arguments:   -product synplify_pro -batch top_level_syn.prj
ProductType: synplify_pro





log file: "/media/sf_stefandz/Documents/Electronics/Personal/Current_integrator/vhdl/berus-accumulator/vhdl/top_level/top_level_Implmnt/top_level.srr"
Running: top_level_Implmnt in foreground

Running top_level_syn|top_level_Implmnt

Running: compile (Compile) on top_level_syn|top_level_Implmnt
# Sun Jan 28 11:13:28 2018

Running: compile_flow (Compile Process) on top_level_syn|top_level_Implmnt
# Sun Jan 28 11:13:28 2018

Running: compiler (Compile Input) on top_level_syn|top_level_Implmnt
# Sun Jan 28 11:13:28 2018
Copied /media/sf_stefandz/Documents/Electronics/Personal/Current_integrator/vhdl/berus-accumulator/vhdl/top_level/top_level_Implmnt/synwork/top_level_comp.srs to /media/sf_stefandz/Documents/Electronics/Personal/Current_integrator/vhdl/berus-accumulator/vhdl/top_level/top_level_Implmnt/top_level.srs

compiler completed
# Sun Jan 28 11:13:30 2018

Return Code: 0
Run Time:00h:00m:02s

Running: multi_srs_gen (Multi-srs Generator) on top_level_syn|top_level_Implmnt
# Sun Jan 28 11:13:30 2018

multi_srs_gen completed
# Sun Jan 28 11:13:30 2018

Return Code: 0
Run Time:00h:00m:00s
Copied /media/sf_stefandz/Documents/Electronics/Personal/Current_integrator/vhdl/berus-accumulator/vhdl/top_level/top_level_Implmnt/synwork/top_level_mult.srs to /media/sf_stefandz/Documents/Electronics/Personal/Current_integrator/vhdl/berus-accumulator/vhdl/top_level/top_level_Implmnt/top_level.srs
Complete: Compile Process on top_level_syn|top_level_Implmnt

Running: premap (Pre-mapping) on top_level_syn|top_level_Implmnt
# Sun Jan 28 11:13:30 2018

premap completed
# Sun Jan 28 11:13:31 2018

Return Code: 0
Run Time:00h:00m:01s
Complete: Compile on top_level_syn|top_level_Implmnt

Running: map (Map) on top_level_syn|top_level_Implmnt
# Sun Jan 28 11:13:31 2018
License granted for 4 parallel jobs

Running: fpga_mapper (Map & Optimize) on top_level_syn|top_level_Implmnt
# Sun Jan 28 11:13:31 2018
Copied /media/sf_stefandz/Documents/Electronics/Personal/Current_integrator/vhdl/berus-accumulator/vhdl/top_level/top_level_Implmnt/synwork/top_level_m.srm to /media/sf_stefandz/Documents/Electronics/Personal/Current_integrator/vhdl/berus-accumulator/vhdl/top_level/top_level_Implmnt/top_level.srm

fpga_mapper completed with warnings
# Sun Jan 28 11:13:32 2018

Return Code: 1
Run Time:00h:00m:01s
Complete: Map on top_level_syn|top_level_Implmnt
Complete: Logic Synthesis on top_level_syn|top_level_Implmnt

exit status=0

exit status=0

